\BOOKMARK [1][-]{section.1}{Introduction}{}% 1
\BOOKMARK [1][-]{section.2}{Brief History of Neutrinos}{}% 2
\BOOKMARK [2][-]{subsection.2.1}{Solar Neutrino Problem}{section.2}% 3
\BOOKMARK [2][-]{subsection.2.2}{LSND and MiniBooNE}{section.2}% 4
\BOOKMARK [2][-]{subsection.2.3}{Theory}{section.2}% 5
\BOOKMARK [2][-]{subsection.2.4}{Neutrino-Induced Charged Current 0}{section.2}% 6
\BOOKMARK [1][-]{section.3}{Hardware}{}% 7
\BOOKMARK [2][-]{subsection.3.1}{Booster Neutrino Beamline}{section.3}% 8
\BOOKMARK [3][-]{subsubsection.3.1.1}{Proton Acceleration}{subsection.3.1}% 9
\BOOKMARK [3][-]{subsubsection.3.1.2}{Beam Target and Horn}{subsection.3.1}% 10
\BOOKMARK [3][-]{subsubsection.3.1.3}{Neutrino Beam}{subsection.3.1}% 11
\BOOKMARK [2][-]{subsection.3.2}{The MicroBooNE Detector}{section.3}% 12
\BOOKMARK [3][-]{subsubsection.3.2.1}{Cryogenics}{subsection.3.2}% 13
\BOOKMARK [3][-]{subsubsection.3.2.2}{High Voltage}{subsection.3.2}% 14
\BOOKMARK [3][-]{subsubsection.3.2.3}{Wire Planes}{subsection.3.2}% 15
\BOOKMARK [3][-]{subsubsection.3.2.4}{PMTs}{subsection.3.2}% 16
\BOOKMARK [1][-]{section.4}{Software}{}% 17
\BOOKMARK [2][-]{subsection.4.1}{Simulation}{section.4}% 18
\BOOKMARK [3][-]{subsubsection.4.1.1}{Genie and the Booster Neutrino Beam}{subsection.4.1}% 19
\BOOKMARK [3][-]{subsubsection.4.1.2}{Geant, NuWro, and the Interactions}{subsection.4.1}% 20
\BOOKMARK [3][-]{subsubsection.4.1.3}{Detector}{subsection.4.1}% 21
\BOOKMARK [3][-]{subsubsection.4.1.4}{Hardware + Software Triggers - \(Neutrino Note\) }{subsection.4.1}% 22
\BOOKMARK [2][-]{subsection.4.2}{Reconstruction}{section.4}% 23
\BOOKMARK [3][-]{subsubsection.4.2.1}{OpenCV Clustering}{subsection.4.2}% 24
\BOOKMARK [3][-]{subsubsection.4.2.2}{Cluster Matching}{subsection.4.2}% 25
\BOOKMARK [3][-]{subsubsection.4.2.3}{Shower Reconstruction}{subsection.4.2}% 26
\BOOKMARK [2][-]{subsection.4.3}{Energy Reconstruction}{section.4}% 27
\BOOKMARK [2][-]{subsection.4.4}{0 Reconstruction}{section.4}% 28
\BOOKMARK [2][-]{subsection.4.5}{Successfully Reconstructed Events}{section.4}% 29
\BOOKMARK [1][-]{section.5}{Event Selection}{}% 30
\BOOKMARK [2][-]{subsection.5.1}{Hit Removal}{section.5}% 31
\BOOKMARK [2][-]{subsection.5.2}{N 0 Filter}{section.5}% 32
\BOOKMARK [1][-]{section.6}{Cross Section Calculation}{}% 33
\BOOKMARK [2][-]{subsection.6.1}{True Cross Section}{section.6}% 34
\BOOKMARK [2][-]{subsection.6.2}{Cross Section Calculation}{section.6}% 35
\BOOKMARK [1][-]{appendix.A}{Appendix}{}% 36
